<?xml version="1.0" encoding="UTF-8"?>
<!-- Generated by org.testng.reporters.JUnitReportReporter -->
<testsuite hostname="bcedbeeced305226520cdfcdbdecdadtwo-0" failures="0" tests="1" name="runner.Testcase1" time="4.376" errors="0" timestamp="2023-09-18T23:25:09 UTC" skipped="0">
  <testcase classname="runner.Testcase1" name="TC_001" time="4.376"/>
</testsuite> <!-- runner.Testcase1 -->
